{"/Users/diegosanchez/Documents/Leanware/server/src/auth/auth.controller.ts": {"path":"/Users/diegosanchez/Documents/Leanware/server/src/auth/auth.controller.ts","statementMap":{"0":{"start":{"line":2,"column":0},"end":{"line":2,"column":67}},"1":{"start":{"line":3,"column":0},"end":{"line":3,"column":67}},"2":{"start":{"line":5,"column":42},"end":{"line":17,"column":2}},"3":{"start":{"line":8,"column":4},"end":{"line":17,"column":2}},"4":{"start":{"line":9,"column":27},"end":{"line":9,"column":35}},"5":{"start":{"line":10,"column":15},"end":{"line":10,"column":27}},"6":{"start":{"line":11,"column":2},"end":{"line":16,"column":null}},"7":{"start":{"line":12,"column":4},"end":{"line":12,"column":29}},"8":{"start":{"line":13,"column":4},"end":{"line":13,"column":72}},"9":{"start":{"line":15,"column":4},"end":{"line":15,"column":43}},"10":{"start":{"line":5,"column":13},"end":{"line":5,"column":42}},"11":{"start":{"line":19,"column":39},"end":{"line":28,"column":2}},"12":{"start":{"line":19,"column":77},"end":{"line":28,"column":2}},"13":{"start":{"line":20,"column":27},"end":{"line":20,"column":35}},"14":{"start":{"line":21,"column":23},"end":{"line":21,"column":35}},"15":{"start":{"line":22,"column":2},"end":{"line":27,"column":null}},"16":{"start":{"line":23,"column":30},"end":{"line":23,"column":60}},"17":{"start":{"line":24,"column":4},"end":{"line":24,"column":80}},"18":{"start":{"line":26,"column":4},"end":{"line":26,"column":43}},"19":{"start":{"line":19,"column":13},"end":{"line":19,"column":39}}},"fnMap":{"0":{"name":"(anonymous_7)","decl":{"start":{"line":5,"column":42},"end":{"line":5,"column":null}},"loc":{"start":{"line":8,"column":4},"end":{"line":17,"column":2}}},"1":{"name":"(anonymous_8)","decl":{"start":{"line":8,"column":4},"end":{"line":8,"column":null}},"loc":{"start":{"line":8,"column":4},"end":{"line":17,"column":1}}},"2":{"name":"(anonymous_9)","decl":{"start":{"line":19,"column":39},"end":{"line":19,"column":46}},"loc":{"start":{"line":19,"column":77},"end":{"line":28,"column":2}}},"3":{"name":"(anonymous_10)","decl":{"start":{"line":19,"column":77},"end":{"line":19,"column":null}},"loc":{"start":{"line":19,"column":77},"end":{"line":28,"column":1}}}},"branchMap":{},"s":{"0":1,"1":1,"2":1,"3":2,"4":2,"5":2,"6":2,"7":2,"8":1,"9":1,"10":1,"11":1,"12":2,"13":2,"14":2,"15":2,"16":2,"17":1,"18":1,"19":1},"f":{"0":2,"1":2,"2":2,"3":2},"b":{}}
,"/Users/diegosanchez/Documents/Leanware/server/src/auth/schema/user.schema.ts": {"path":"/Users/diegosanchez/Documents/Leanware/server/src/auth/schema/user.schema.ts","statementMap":{"0":{"start":{"line":2,"column":0},"end":{"line":2,"column":48}},"1":{"start":{"line":4,"column":19},"end":{"line":9,"column":2}},"2":{"start":{"line":11,"column":13},"end":{"line":11,"column":64}}},"fnMap":{},"branchMap":{},"s":{"0":2,"1":2,"2":2},"f":{},"b":{}}
,"/Users/diegosanchez/Documents/Leanware/server/src/auth/services/auth.service.ts": {"path":"/Users/diegosanchez/Documents/Leanware/server/src/auth/services/auth.service.ts","statementMap":{"0":{"start":{"line":2,"column":0},"end":{"line":2,"column":50}},"1":{"start":{"line":4,"column":0},"end":{"line":4,"column":51}},"2":{"start":{"line":5,"column":0},"end":{"line":5,"column":35}},"3":{"start":{"line":6,"column":0},"end":{"line":6,"column":51}},"4":{"start":{"line":7,"column":0},"end":{"line":7,"column":56}},"5":{"start":{"line":9,"column":30},"end":{"line":11,"column":1}},"6":{"start":{"line":10,"column":2},"end":{"line":10,"column":38}},"7":{"start":{"line":9,"column":13},"end":{"line":9,"column":30}},"8":{"start":{"line":13,"column":27},"end":{"line":15,"column":1}},"9":{"start":{"line":14,"column":2},"end":{"line":14,"column":32}},"10":{"start":{"line":13,"column":13},"end":{"line":13,"column":27}},"11":{"start":{"line":17,"column":28},"end":{"line":32,"column":2}},"12":{"start":{"line":17,"column":58},"end":{"line":32,"column":2}},"13":{"start":{"line":18,"column":2},"end":{"line":31,"column":null}},"14":{"start":{"line":19,"column":26},"end":{"line":19,"column":58}},"15":{"start":{"line":20,"column":4},"end":{"line":22,"column":null}},"16":{"start":{"line":21,"column":6},"end":{"line":21,"column":57}},"17":{"start":{"line":23,"column":27},"end":{"line":23,"column":60}},"18":{"start":{"line":24,"column":20},"end":{"line":24,"column":60}},"19":{"start":{"line":26,"column":20},"end":{"line":26,"column":45}},"20":{"start":{"line":27,"column":4},"end":{"line":27,"column":25}},"21":{"start":{"line":28,"column":4},"end":{"line":28,"column":11}},"22":{"start":{"line":30,"column":4},"end":{"line":30,"column":16}},"23":{"start":{"line":17,"column":13},"end":{"line":17,"column":28}},"24":{"start":{"line":34,"column":26},"end":{"line":51,"column":2}},"25":{"start":{"line":34,"column":60},"end":{"line":51,"column":2}},"26":{"start":{"line":35,"column":30},"end":{"line":35,"column":42}},"27":{"start":{"line":36,"column":2},"end":{"line":50,"column":null}},"28":{"start":{"line":37,"column":17},"end":{"line":37,"column":44}},"29":{"start":{"line":38,"column":4},"end":{"line":40,"column":null}},"30":{"start":{"line":39,"column":6},"end":{"line":39,"column":51}},"31":{"start":{"line":42,"column":26},"end":{"line":42,"column":71}},"32":{"start":{"line":43,"column":4},"end":{"line":45,"column":null}},"33":{"start":{"line":44,"column":6},"end":{"line":44,"column":78}},"34":{"start":{"line":46,"column":19},"end":{"line":46,"column":38}},"35":{"start":{"line":47,"column":4},"end":{"line":47,"column":18}},"36":{"start":{"line":49,"column":4},"end":{"line":49,"column":16}},"37":{"start":{"line":34,"column":13},"end":{"line":34,"column":26}}},"fnMap":{"0":{"name":"(anonymous_13)","decl":{"start":{"line":9,"column":30},"end":{"line":9,"column":31}},"loc":{"start":{"line":9,"column":48},"end":{"line":11,"column":1}}},"1":{"name":"(anonymous_14)","decl":{"start":{"line":13,"column":27},"end":{"line":13,"column":28}},"loc":{"start":{"line":13,"column":42},"end":{"line":15,"column":1}}},"2":{"name":"(anonymous_15)","decl":{"start":{"line":17,"column":28},"end":{"line":17,"column":35}},"loc":{"start":{"line":17,"column":58},"end":{"line":32,"column":2}}},"3":{"name":"(anonymous_16)","decl":{"start":{"line":17,"column":58},"end":{"line":17,"column":null}},"loc":{"start":{"line":17,"column":58},"end":{"line":32,"column":1}}},"4":{"name":"(anonymous_17)","decl":{"start":{"line":34,"column":26},"end":{"line":34,"column":33}},"loc":{"start":{"line":34,"column":60},"end":{"line":51,"column":2}}},"5":{"name":"(anonymous_18)","decl":{"start":{"line":34,"column":60},"end":{"line":34,"column":null}},"loc":{"start":{"line":34,"column":60},"end":{"line":51,"column":1}}}},"branchMap":{"0":{"loc":{"start":{"line":20,"column":4},"end":{"line":22,"column":null}},"type":"if","locations":[{"start":{"line":20,"column":4},"end":{"line":22,"column":null}}]},"1":{"loc":{"start":{"line":38,"column":4},"end":{"line":40,"column":null}},"type":"if","locations":[{"start":{"line":38,"column":4},"end":{"line":40,"column":null}}]},"2":{"loc":{"start":{"line":43,"column":4},"end":{"line":45,"column":null}},"type":"if","locations":[{"start":{"line":43,"column":4},"end":{"line":45,"column":null}}]}},"s":{"0":2,"1":2,"2":2,"3":2,"4":2,"5":2,"6":1,"7":2,"8":2,"9":1,"10":2,"11":2,"12":2,"13":2,"14":2,"15":2,"16":1,"17":1,"18":1,"19":1,"20":1,"21":1,"22":1,"23":2,"24":2,"25":3,"26":3,"27":3,"28":3,"29":3,"30":1,"31":2,"32":2,"33":1,"34":1,"35":1,"36":2,"37":2},"f":{"0":1,"1":1,"2":2,"3":2,"4":3,"5":3},"b":{"0":[1],"1":[1],"2":[1]}}
,"/Users/diegosanchez/Documents/Leanware/server/src/auth/tests/mock-user.ts": {"path":"/Users/diegosanchez/Documents/Leanware/server/src/auth/tests/mock-user.ts","statementMap":{"0":{"start":{"line":4,"column":13},"end":{"line":11,"column":2}},"1":{"start":{"line":13,"column":13},"end":{"line":19,"column":2}}},"fnMap":{},"branchMap":{},"s":{"0":4,"1":4},"f":{},"b":{}}
,"/Users/diegosanchez/Documents/Leanware/server/src/auth/utils/auth.utils.ts": {"path":"/Users/diegosanchez/Documents/Leanware/server/src/auth/utils/auth.utils.ts","statementMap":{"0":{"start":{"line":1,"column":0},"end":{"line":1,"column":32}},"1":{"start":{"line":3,"column":28},"end":{"line":10,"column":2}},"2":{"start":{"line":3,"column":72},"end":{"line":10,"column":2}},"3":{"start":{"line":4,"column":2},"end":{"line":9,"column":null}},"4":{"start":{"line":5,"column":25},"end":{"line":5,"column":49}},"5":{"start":{"line":6,"column":4},"end":{"line":6,"column":24}},"6":{"start":{"line":8,"column":4},"end":{"line":8,"column":35}},"7":{"start":{"line":3,"column":13},"end":{"line":3,"column":28}}},"fnMap":{"0":{"name":"(anonymous_7)","decl":{"start":{"line":3,"column":28},"end":{"line":3,"column":35}},"loc":{"start":{"line":3,"column":72},"end":{"line":10,"column":2}}},"1":{"name":"(anonymous_8)","decl":{"start":{"line":3,"column":72},"end":{"line":3,"column":null}},"loc":{"start":{"line":3,"column":72},"end":{"line":10,"column":1}}}},"branchMap":{},"s":{"0":3,"1":3,"2":2,"3":2,"4":2,"5":1,"6":1,"7":3},"f":{"0":2,"1":2},"b":{}}
,"/Users/diegosanchez/Documents/Leanware/server/src/auth/utils/jwt.utils.ts": {"path":"/Users/diegosanchez/Documents/Leanware/server/src/auth/utils/jwt.utils.ts","statementMap":{"0":{"start":{"line":3,"column":0},"end":{"line":3,"column":56}},"1":{"start":{"line":5,"column":29},"end":{"line":21,"column":1}},"2":{"start":{"line":6,"column":36},"end":{"line":6,"column":40}},"3":{"start":{"line":7,"column":16},"end":{"line":14,"column":null}},"4":{"start":{"line":17,"column":23},"end":{"line":17,"column":50}},"5":{"start":{"line":18,"column":20},"end":{"line":18,"column":36}},"6":{"start":{"line":20,"column":2},"end":{"line":20,"column":72}},"7":{"start":{"line":5,"column":13},"end":{"line":5,"column":29}}},"fnMap":{"0":{"name":"(anonymous_0)","decl":{"start":{"line":5,"column":29},"end":{"line":5,"column":30}},"loc":{"start":{"line":5,"column":53},"end":{"line":21,"column":1}}}},"branchMap":{},"s":{"0":3,"1":3,"2":1,"3":1,"4":1,"5":1,"6":1,"7":3},"f":{"0":1},"b":{}}
,"/Users/diegosanchez/Documents/Leanware/server/src/projects/project.controller.ts": {"path":"/Users/diegosanchez/Documents/Leanware/server/src/projects/project.controller.ts","statementMap":{"0":{"start":{"line":2,"column":0},"end":{"line":2,"column":60}},"1":{"start":{"line":3,"column":0},"end":{"line":3,"column":59}},"2":{"start":{"line":4,"column":0},"end":{"line":4,"column":59}},"3":{"start":{"line":5,"column":0},"end":{"line":5,"column":67}},"4":{"start":{"line":7,"column":40},"end":{"line":16,"column":2}},"5":{"start":{"line":7,"column":78},"end":{"line":16,"column":2}},"6":{"start":{"line":8,"column":2},"end":{"line":15,"column":null}},"7":{"start":{"line":9,"column":21},"end":{"line":9,"column":43}},"8":{"start":{"line":10,"column":4},"end":{"line":12,"column":69}},"9":{"start":{"line":14,"column":4},"end":{"line":14,"column":43}},"10":{"start":{"line":7,"column":13},"end":{"line":7,"column":40}},"11":{"start":{"line":18,"column":37},"end":{"line":29,"column":2}},"12":{"start":{"line":18,"column":75},"end":{"line":29,"column":2}},"13":{"start":{"line":19,"column":27},"end":{"line":19,"column":35}},"14":{"start":{"line":20,"column":18},"end":{"line":20,"column":30}},"15":{"start":{"line":21,"column":2},"end":{"line":28,"column":null}},"16":{"start":{"line":22,"column":23},"end":{"line":22,"column":51}},"17":{"start":{"line":23,"column":4},"end":{"line":25,"column":71}},"18":{"start":{"line":27,"column":4},"end":{"line":27,"column":43}},"19":{"start":{"line":18,"column":13},"end":{"line":18,"column":37}},"20":{"start":{"line":31,"column":39},"end":{"line":39,"column":2}},"21":{"start":{"line":31,"column":77},"end":{"line":39,"column":2}},"22":{"start":{"line":32,"column":24},"end":{"line":32,"column":34}},"23":{"start":{"line":33,"column":2},"end":{"line":38,"column":null}},"24":{"start":{"line":34,"column":4},"end":{"line":34,"column":35}},"25":{"start":{"line":35,"column":4},"end":{"line":35,"column":71}},"26":{"start":{"line":37,"column":4},"end":{"line":37,"column":43}},"27":{"start":{"line":31,"column":13},"end":{"line":31,"column":39}}},"fnMap":{"0":{"name":"(anonymous_7)","decl":{"start":{"line":7,"column":40},"end":{"line":7,"column":47}},"loc":{"start":{"line":7,"column":78},"end":{"line":16,"column":2}}},"1":{"name":"(anonymous_8)","decl":{"start":{"line":7,"column":78},"end":{"line":7,"column":null}},"loc":{"start":{"line":7,"column":78},"end":{"line":16,"column":1}}},"2":{"name":"(anonymous_9)","decl":{"start":{"line":18,"column":37},"end":{"line":18,"column":44}},"loc":{"start":{"line":18,"column":75},"end":{"line":29,"column":2}}},"3":{"name":"(anonymous_10)","decl":{"start":{"line":18,"column":75},"end":{"line":18,"column":null}},"loc":{"start":{"line":18,"column":75},"end":{"line":29,"column":1}}},"4":{"name":"(anonymous_11)","decl":{"start":{"line":31,"column":39},"end":{"line":31,"column":46}},"loc":{"start":{"line":31,"column":77},"end":{"line":39,"column":2}}},"5":{"name":"(anonymous_12)","decl":{"start":{"line":31,"column":77},"end":{"line":31,"column":null}},"loc":{"start":{"line":31,"column":77},"end":{"line":39,"column":1}}}},"branchMap":{},"s":{"0":1,"1":1,"2":1,"3":1,"4":1,"5":2,"6":2,"7":2,"8":1,"9":1,"10":1,"11":1,"12":2,"13":2,"14":2,"15":2,"16":2,"17":1,"18":1,"19":1,"20":1,"21":2,"22":2,"23":2,"24":2,"25":1,"26":1,"27":1},"f":{"0":2,"1":2,"2":2,"3":2,"4":2,"5":2},"b":{}}
,"/Users/diegosanchez/Documents/Leanware/server/src/projects/schemas/project.schema.ts": {"path":"/Users/diegosanchez/Documents/Leanware/server/src/projects/schemas/project.schema.ts","statementMap":{"0":{"start":{"line":2,"column":0},"end":{"line":2,"column":48}},"1":{"start":{"line":4,"column":22},"end":{"line":7,"column":2}},"2":{"start":{"line":9,"column":13},"end":{"line":9,"column":76}}},"fnMap":{},"branchMap":{},"s":{"0":2,"1":2,"2":2},"f":{},"b":{}}
,"/Users/diegosanchez/Documents/Leanware/server/src/projects/services/project.service.ts": {"path":"/Users/diegosanchez/Documents/Leanware/server/src/projects/services/project.service.ts","statementMap":{"0":{"start":{"line":1,"column":0},"end":{"line":1,"column":56}},"1":{"start":{"line":4,"column":0},"end":{"line":4,"column":57}},"2":{"start":{"line":6,"column":30},"end":{"line":18,"column":1}},"3":{"start":{"line":7,"column":2},"end":{"line":17,"column":5}},"4":{"start":{"line":6,"column":13},"end":{"line":6,"column":30}},"5":{"start":{"line":20,"column":30},"end":{"line":22,"column":1}},"6":{"start":{"line":21,"column":2},"end":{"line":21,"column":51}},"7":{"start":{"line":20,"column":13},"end":{"line":20,"column":30}},"8":{"start":{"line":24,"column":26},"end":{"line":34,"column":2}},"9":{"start":{"line":24,"column":65},"end":{"line":34,"column":2}},"10":{"start":{"line":25,"column":2},"end":{"line":33,"column":null}},"11":{"start":{"line":26,"column":20},"end":{"line":26,"column":67}},"12":{"start":{"line":27,"column":4},"end":{"line":29,"column":null}},"13":{"start":{"line":28,"column":6},"end":{"line":28,"column":54}},"14":{"start":{"line":30,"column":4},"end":{"line":30,"column":19}},"15":{"start":{"line":32,"column":4},"end":{"line":32,"column":16}},"16":{"start":{"line":24,"column":13},"end":{"line":24,"column":26}},"17":{"start":{"line":36,"column":29},"end":{"line":46,"column":2}},"18":{"start":{"line":38,"column":22},"end":{"line":46,"column":2}},"19":{"start":{"line":39,"column":2},"end":{"line":45,"column":null}},"20":{"start":{"line":40,"column":23},"end":{"line":40,"column":48}},"21":{"start":{"line":41,"column":4},"end":{"line":41,"column":28}},"22":{"start":{"line":42,"column":4},"end":{"line":42,"column":22}},"23":{"start":{"line":44,"column":4},"end":{"line":44,"column":16}},"24":{"start":{"line":36,"column":13},"end":{"line":36,"column":29}},"25":{"start":{"line":48,"column":29},"end":{"line":59,"column":2}},"26":{"start":{"line":48,"column":65},"end":{"line":59,"column":2}},"27":{"start":{"line":49,"column":2},"end":{"line":58,"column":null}},"28":{"start":{"line":50,"column":20},"end":{"line":50,"column":44}},"29":{"start":{"line":51,"column":4},"end":{"line":53,"column":null}},"30":{"start":{"line":52,"column":6},"end":{"line":52,"column":54}},"31":{"start":{"line":54,"column":4},"end":{"line":54,"column":54}},"32":{"start":{"line":55,"column":4},"end":{"line":55,"column":11}},"33":{"start":{"line":57,"column":4},"end":{"line":57,"column":16}},"34":{"start":{"line":48,"column":13},"end":{"line":48,"column":29}}},"fnMap":{"0":{"name":"(anonymous_7)","decl":{"start":{"line":6,"column":30},"end":{"line":6,"column":33}},"loc":{"start":{"line":6,"column":35},"end":{"line":18,"column":1}}},"1":{"name":"(anonymous_8)","decl":{"start":{"line":20,"column":30},"end":{"line":20,"column":31}},"loc":{"start":{"line":20,"column":70},"end":{"line":22,"column":1}}},"2":{"name":"(anonymous_9)","decl":{"start":{"line":24,"column":26},"end":{"line":24,"column":33}},"loc":{"start":{"line":24,"column":65},"end":{"line":34,"column":2}}},"3":{"name":"(anonymous_10)","decl":{"start":{"line":24,"column":65},"end":{"line":24,"column":null}},"loc":{"start":{"line":24,"column":65},"end":{"line":34,"column":1}}},"4":{"name":"(anonymous_11)","decl":{"start":{"line":36,"column":29},"end":{"line":36,"column":null}},"loc":{"start":{"line":38,"column":22},"end":{"line":46,"column":2}}},"5":{"name":"(anonymous_12)","decl":{"start":{"line":38,"column":22},"end":{"line":38,"column":null}},"loc":{"start":{"line":38,"column":22},"end":{"line":46,"column":1}}},"6":{"name":"(anonymous_13)","decl":{"start":{"line":48,"column":29},"end":{"line":48,"column":36}},"loc":{"start":{"line":48,"column":65},"end":{"line":59,"column":2}}},"7":{"name":"(anonymous_14)","decl":{"start":{"line":48,"column":65},"end":{"line":48,"column":null}},"loc":{"start":{"line":48,"column":65},"end":{"line":59,"column":1}}}},"branchMap":{"0":{"loc":{"start":{"line":27,"column":4},"end":{"line":29,"column":null}},"type":"if","locations":[{"start":{"line":27,"column":4},"end":{"line":29,"column":null}}]},"1":{"loc":{"start":{"line":51,"column":4},"end":{"line":53,"column":null}},"type":"if","locations":[{"start":{"line":51,"column":4},"end":{"line":53,"column":null}}]}},"s":{"0":2,"1":2,"2":2,"3":1,"4":2,"5":2,"6":1,"7":2,"8":2,"9":2,"10":2,"11":2,"12":2,"13":1,"14":1,"15":1,"16":2,"17":2,"18":2,"19":2,"20":2,"21":2,"22":1,"23":1,"24":2,"25":2,"26":2,"27":2,"28":2,"29":2,"30":1,"31":1,"32":1,"33":1,"34":2},"f":{"0":1,"1":1,"2":2,"3":2,"4":2,"5":2,"6":2,"7":2},"b":{"0":[1],"1":[1]}}
,"/Users/diegosanchez/Documents/Leanware/server/src/projects/tests/mock-project.ts": {"path":"/Users/diegosanchez/Documents/Leanware/server/src/projects/tests/mock-project.ts","statementMap":{"0":{"start":{"line":4,"column":13},"end":{"line":8,"column":2}},"1":{"start":{"line":10,"column":13},"end":{"line":13,"column":2}}},"fnMap":{},"branchMap":{},"s":{"0":2,"1":2},"f":{},"b":{}}
,"/Users/diegosanchez/Documents/Leanware/server/src/reports/reports.controller.ts": {"path":"/Users/diegosanchez/Documents/Leanware/server/src/reports/reports.controller.ts","statementMap":{"0":{"start":{"line":3,"column":0},"end":{"line":3,"column":null}},"1":{"start":{"line":9,"column":0},"end":{"line":9,"column":57}},"2":{"start":{"line":10,"column":0},"end":{"line":10,"column":67}},"3":{"start":{"line":12,"column":50},"end":{"line":26,"column":2}},"4":{"start":{"line":15,"column":23},"end":{"line":26,"column":2}},"5":{"start":{"line":16,"column":24},"end":{"line":16,"column":32}},"6":{"start":{"line":17,"column":19},"end":{"line":17,"column":29}},"7":{"start":{"line":18,"column":2},"end":{"line":25,"column":null}},"8":{"start":{"line":19,"column":20},"end":{"line":19,"column":65}},"9":{"start":{"line":20,"column":4},"end":{"line":22,"column":67}},"10":{"start":{"line":24,"column":4},"end":{"line":24,"column":43}},"11":{"start":{"line":12,"column":13},"end":{"line":12,"column":50}},"12":{"start":{"line":28,"column":40},"end":{"line":43,"column":2}},"13":{"start":{"line":31,"column":23},"end":{"line":43,"column":2}},"14":{"start":{"line":32,"column":27},"end":{"line":32,"column":35}},"15":{"start":{"line":33,"column":17},"end":{"line":33,"column":29}},"16":{"start":{"line":34,"column":30},"end":{"line":34,"column":38}},"17":{"start":{"line":35,"column":2},"end":{"line":42,"column":null}},"18":{"start":{"line":36,"column":19},"end":{"line":36,"column":53}},"19":{"start":{"line":37,"column":4},"end":{"line":39,"column":65}},"20":{"start":{"line":41,"column":4},"end":{"line":41,"column":43}},"21":{"start":{"line":28,"column":13},"end":{"line":28,"column":40}},"22":{"start":{"line":45,"column":45},"end":{"line":59,"column":2}},"23":{"start":{"line":48,"column":23},"end":{"line":59,"column":2}},"24":{"start":{"line":49,"column":27},"end":{"line":49,"column":35}},"25":{"start":{"line":50,"column":17},"end":{"line":50,"column":29}},"26":{"start":{"line":51,"column":30},"end":{"line":51,"column":38}},"27":{"start":{"line":52,"column":23},"end":{"line":52,"column":33}},"28":{"start":{"line":53,"column":2},"end":{"line":58,"column":null}},"29":{"start":{"line":54,"column":4},"end":{"line":54,"column":49}},"30":{"start":{"line":55,"column":4},"end":{"line":55,"column":71}},"31":{"start":{"line":57,"column":4},"end":{"line":57,"column":43}},"32":{"start":{"line":45,"column":13},"end":{"line":45,"column":45}},"33":{"start":{"line":61,"column":42},"end":{"line":73,"column":2}},"34":{"start":{"line":64,"column":23},"end":{"line":73,"column":2}},"35":{"start":{"line":65,"column":30},"end":{"line":65,"column":38}},"36":{"start":{"line":66,"column":23},"end":{"line":66,"column":33}},"37":{"start":{"line":67,"column":2},"end":{"line":72,"column":null}},"38":{"start":{"line":68,"column":4},"end":{"line":68,"column":41}},"39":{"start":{"line":69,"column":4},"end":{"line":69,"column":70}},"40":{"start":{"line":71,"column":4},"end":{"line":71,"column":43}},"41":{"start":{"line":61,"column":13},"end":{"line":61,"column":42}}},"fnMap":{"0":{"name":"(anonymous_7)","decl":{"start":{"line":12,"column":50},"end":{"line":12,"column":null}},"loc":{"start":{"line":15,"column":23},"end":{"line":26,"column":2}}},"1":{"name":"(anonymous_8)","decl":{"start":{"line":15,"column":23},"end":{"line":15,"column":null}},"loc":{"start":{"line":15,"column":23},"end":{"line":26,"column":1}}},"2":{"name":"(anonymous_9)","decl":{"start":{"line":28,"column":40},"end":{"line":28,"column":null}},"loc":{"start":{"line":31,"column":23},"end":{"line":43,"column":2}}},"3":{"name":"(anonymous_10)","decl":{"start":{"line":31,"column":23},"end":{"line":31,"column":null}},"loc":{"start":{"line":31,"column":23},"end":{"line":43,"column":1}}},"4":{"name":"(anonymous_11)","decl":{"start":{"line":45,"column":45},"end":{"line":45,"column":null}},"loc":{"start":{"line":48,"column":23},"end":{"line":59,"column":2}}},"5":{"name":"(anonymous_12)","decl":{"start":{"line":48,"column":23},"end":{"line":48,"column":null}},"loc":{"start":{"line":48,"column":23},"end":{"line":59,"column":1}}},"6":{"name":"(anonymous_13)","decl":{"start":{"line":61,"column":42},"end":{"line":61,"column":null}},"loc":{"start":{"line":64,"column":23},"end":{"line":73,"column":2}}},"7":{"name":"(anonymous_14)","decl":{"start":{"line":64,"column":23},"end":{"line":64,"column":null}},"loc":{"start":{"line":64,"column":23},"end":{"line":73,"column":1}}}},"branchMap":{},"s":{"0":1,"1":1,"2":1,"3":1,"4":2,"5":2,"6":2,"7":2,"8":2,"9":1,"10":1,"11":1,"12":1,"13":2,"14":2,"15":2,"16":2,"17":2,"18":2,"19":1,"20":1,"21":1,"22":1,"23":2,"24":2,"25":2,"26":2,"27":2,"28":2,"29":2,"30":1,"31":1,"32":1,"33":1,"34":2,"35":2,"36":2,"37":2,"38":2,"39":1,"40":1,"41":1},"f":{"0":2,"1":2,"2":2,"3":2,"4":2,"5":2,"6":2,"7":2},"b":{}}
,"/Users/diegosanchez/Documents/Leanware/server/src/reports/schema/report.schema.ts": {"path":"/Users/diegosanchez/Documents/Leanware/server/src/reports/schema/report.schema.ts","statementMap":{"0":{"start":{"line":1,"column":0},"end":{"line":1,"column":48}},"1":{"start":{"line":3,"column":0},"end":{"line":3,"column":35}},"2":{"start":{"line":5,"column":21},"end":{"line":10,"column":2}},"3":{"start":{"line":12,"column":13},"end":{"line":12,"column":72}}},"fnMap":{},"branchMap":{},"s":{"0":2,"1":2,"2":2,"3":2},"f":{},"b":{}}
,"/Users/diegosanchez/Documents/Leanware/server/src/reports/services/report.service.ts": {"path":"/Users/diegosanchez/Documents/Leanware/server/src/reports/services/report.service.ts","statementMap":{"0":{"start":{"line":1,"column":0},"end":{"line":1,"column":69}},"1":{"start":{"line":2,"column":0},"end":{"line":2,"column":56}},"2":{"start":{"line":4,"column":0},"end":{"line":4,"column":54}},"3":{"start":{"line":5,"column":0},"end":{"line":5,"column":57}},"4":{"start":{"line":7,"column":0},"end":{"line":7,"column":48}},"5":{"start":{"line":11,"column":29},"end":{"line":15,"column":1}},"6":{"start":{"line":14,"column":2},"end":{"line":14,"column":34}},"7":{"start":{"line":11,"column":13},"end":{"line":11,"column":29}},"8":{"start":{"line":17,"column":45},"end":{"line":30,"column":2}},"9":{"start":{"line":20,"column":39},"end":{"line":30,"column":2}},"10":{"start":{"line":21,"column":2},"end":{"line":29,"column":null}},"11":{"start":{"line":22,"column":24},"end":{"line":22,"column":72}},"12":{"start":{"line":23,"column":4},"end":{"line":25,"column":null}},"13":{"start":{"line":24,"column":6},"end":{"line":24,"column":53}},"14":{"start":{"line":26,"column":4},"end":{"line":26,"column":23}},"15":{"start":{"line":28,"column":4},"end":{"line":28,"column":16}},"16":{"start":{"line":17,"column":13},"end":{"line":17,"column":45}},"17":{"start":{"line":32,"column":36},"end":{"line":61,"column":1}},"18":{"start":{"line":36,"column":17},"end":{"line":36,"column":43}},"19":{"start":{"line":37,"column":2},"end":{"line":60,"column":5}},"20":{"start":{"line":32,"column":13},"end":{"line":32,"column":36}},"21":{"start":{"line":63,"column":45},"end":{"line":69,"column":1}},"22":{"start":{"line":68,"column":2},"end":{"line":68,"column":63}},"23":{"start":{"line":63,"column":13},"end":{"line":63,"column":45}},"24":{"start":{"line":71,"column":28},"end":{"line":107,"column":2}},"25":{"start":{"line":74,"column":35},"end":{"line":107,"column":2}},"26":{"start":{"line":75,"column":2},"end":{"line":106,"column":null}},"27":{"start":{"line":76,"column":29},"end":{"line":79,"column":null}},"28":{"start":{"line":82,"column":4},"end":{"line":87,"column":null}},"29":{"start":{"line":83,"column":6},"end":{"line":86,"column":8}},"30":{"start":{"line":89,"column":20},"end":{"line":89,"column":42}},"31":{"start":{"line":90,"column":4},"end":{"line":92,"column":null}},"32":{"start":{"line":91,"column":6},"end":{"line":91,"column":66}},"33":{"start":{"line":94,"column":22},"end":{"line":94,"column":46}},"34":{"start":{"line":95,"column":23},"end":{"line":95,"column":52}},"35":{"start":{"line":97,"column":32},"end":{"line":97,"column":71}},"36":{"start":{"line":98,"column":4},"end":{"line":100,"column":null}},"37":{"start":{"line":99,"column":6},"end":{"line":99,"column":65}},"38":{"start":{"line":102,"column":4},"end":{"line":102,"column":28}},"39":{"start":{"line":103,"column":4},"end":{"line":103,"column":60}},"40":{"start":{"line":105,"column":4},"end":{"line":105,"column":16}},"41":{"start":{"line":71,"column":13},"end":{"line":71,"column":28}},"42":{"start":{"line":109,"column":28},"end":{"line":144,"column":2}},"43":{"start":{"line":113,"column":19},"end":{"line":144,"column":2}},"44":{"start":{"line":114,"column":2},"end":{"line":143,"column":null}},"45":{"start":{"line":115,"column":24},"end":{"line":115,"column":53}},"46":{"start":{"line":117,"column":4},"end":{"line":119,"column":null}},"47":{"start":{"line":118,"column":6},"end":{"line":118,"column":63}},"48":{"start":{"line":121,"column":4},"end":{"line":123,"column":null}},"49":{"start":{"line":122,"column":6},"end":{"line":122,"column":68}},"50":{"start":{"line":125,"column":20},"end":{"line":125,"column":47}},"51":{"start":{"line":126,"column":4},"end":{"line":131,"column":null}},"52":{"start":{"line":127,"column":6},"end":{"line":130,"column":8}},"53":{"start":{"line":133,"column":4},"end":{"line":133,"column":37}},"54":{"start":{"line":134,"column":32},"end":{"line":134,"column":72}},"55":{"start":{"line":135,"column":4},"end":{"line":137,"column":null}},"56":{"start":{"line":136,"column":6},"end":{"line":136,"column":65}},"57":{"start":{"line":139,"column":4},"end":{"line":139,"column":29}},"58":{"start":{"line":140,"column":4},"end":{"line":140,"column":11}},"59":{"start":{"line":142,"column":4},"end":{"line":142,"column":16}},"60":{"start":{"line":109,"column":13},"end":{"line":109,"column":28}},"61":{"start":{"line":146,"column":28},"end":{"line":169,"column":2}},"62":{"start":{"line":149,"column":19},"end":{"line":169,"column":2}},"63":{"start":{"line":150,"column":2},"end":{"line":168,"column":null}},"64":{"start":{"line":151,"column":24},"end":{"line":151,"column":53}},"65":{"start":{"line":152,"column":4},"end":{"line":154,"column":null}},"66":{"start":{"line":153,"column":6},"end":{"line":153,"column":63}},"67":{"start":{"line":156,"column":4},"end":{"line":158,"column":null}},"68":{"start":{"line":157,"column":6},"end":{"line":157,"column":68}},"69":{"start":{"line":160,"column":20},"end":{"line":160,"column":47}},"70":{"start":{"line":161,"column":4},"end":{"line":163,"column":null}},"71":{"start":{"line":162,"column":6},"end":{"line":162,"column":68}},"72":{"start":{"line":164,"column":4},"end":{"line":164,"column":58}},"73":{"start":{"line":165,"column":4},"end":{"line":165,"column":11}},"74":{"start":{"line":167,"column":4},"end":{"line":167,"column":16}},"75":{"start":{"line":146,"column":13},"end":{"line":146,"column":28}},"76":{"start":{"line":171,"column":37},"end":{"line":199,"column":1}},"77":{"start":{"line":174,"column":19},"end":{"line":174,"column":41}},"78":{"start":{"line":175,"column":2},"end":{"line":198,"column":5}},"79":{"start":{"line":171,"column":13},"end":{"line":171,"column":37}},"80":{"start":{"line":201,"column":29},"end":{"line":215,"column":2}},"81":{"start":{"line":204,"column":22},"end":{"line":215,"column":2}},"82":{"start":{"line":205,"column":2},"end":{"line":214,"column":null}},"83":{"start":{"line":206,"column":25},"end":{"line":208,"column":null}},"84":{"start":{"line":211,"column":4},"end":{"line":211,"column":44}},"85":{"start":{"line":213,"column":4},"end":{"line":213,"column":16}},"86":{"start":{"line":201,"column":13},"end":{"line":201,"column":29}}},"fnMap":{"0":{"name":"(anonymous_7)","decl":{"start":{"line":11,"column":29},"end":{"line":11,"column":null}},"loc":{"start":{"line":13,"column":46},"end":{"line":15,"column":1}}},"1":{"name":"(anonymous_8)","decl":{"start":{"line":17,"column":45},"end":{"line":17,"column":null}},"loc":{"start":{"line":20,"column":39},"end":{"line":30,"column":2}}},"2":{"name":"(anonymous_9)","decl":{"start":{"line":20,"column":39},"end":{"line":20,"column":null}},"loc":{"start":{"line":20,"column":39},"end":{"line":30,"column":1}}},"3":{"name":"(anonymous_10)","decl":{"start":{"line":32,"column":36},"end":{"line":32,"column":null}},"loc":{"start":{"line":35,"column":37},"end":{"line":61,"column":1}}},"4":{"name":"(anonymous_11)","decl":{"start":{"line":63,"column":45},"end":{"line":63,"column":null}},"loc":{"start":{"line":67,"column":49},"end":{"line":69,"column":1}}},"5":{"name":"(anonymous_12)","decl":{"start":{"line":71,"column":28},"end":{"line":71,"column":null}},"loc":{"start":{"line":74,"column":35},"end":{"line":107,"column":2}}},"6":{"name":"(anonymous_13)","decl":{"start":{"line":74,"column":35},"end":{"line":74,"column":null}},"loc":{"start":{"line":74,"column":35},"end":{"line":107,"column":1}}},"7":{"name":"(anonymous_14)","decl":{"start":{"line":109,"column":28},"end":{"line":109,"column":null}},"loc":{"start":{"line":113,"column":19},"end":{"line":144,"column":2}}},"8":{"name":"(anonymous_15)","decl":{"start":{"line":113,"column":19},"end":{"line":113,"column":null}},"loc":{"start":{"line":113,"column":19},"end":{"line":144,"column":1}}},"9":{"name":"(anonymous_16)","decl":{"start":{"line":146,"column":28},"end":{"line":146,"column":null}},"loc":{"start":{"line":149,"column":19},"end":{"line":169,"column":2}}},"10":{"name":"(anonymous_17)","decl":{"start":{"line":149,"column":19},"end":{"line":149,"column":null}},"loc":{"start":{"line":149,"column":19},"end":{"line":169,"column":1}}},"11":{"name":"(anonymous_18)","decl":{"start":{"line":171,"column":37},"end":{"line":171,"column":null}},"loc":{"start":{"line":173,"column":37},"end":{"line":199,"column":1}}},"12":{"name":"(anonymous_19)","decl":{"start":{"line":201,"column":29},"end":{"line":201,"column":null}},"loc":{"start":{"line":204,"column":22},"end":{"line":215,"column":2}}},"13":{"name":"(anonymous_20)","decl":{"start":{"line":204,"column":22},"end":{"line":204,"column":null}},"loc":{"start":{"line":204,"column":22},"end":{"line":215,"column":1}}}},"branchMap":{"0":{"loc":{"start":{"line":23,"column":4},"end":{"line":25,"column":null}},"type":"if","locations":[{"start":{"line":23,"column":4},"end":{"line":25,"column":null}}]},"1":{"loc":{"start":{"line":82,"column":4},"end":{"line":87,"column":null}},"type":"if","locations":[{"start":{"line":82,"column":4},"end":{"line":87,"column":null}}]},"2":{"loc":{"start":{"line":90,"column":4},"end":{"line":92,"column":null}},"type":"if","locations":[{"start":{"line":90,"column":4},"end":{"line":92,"column":null}}]},"3":{"loc":{"start":{"line":98,"column":4},"end":{"line":100,"column":null}},"type":"if","locations":[{"start":{"line":98,"column":4},"end":{"line":100,"column":null}}]},"4":{"loc":{"start":{"line":117,"column":4},"end":{"line":119,"column":null}},"type":"if","locations":[{"start":{"line":117,"column":4},"end":{"line":119,"column":null}}]},"5":{"loc":{"start":{"line":121,"column":4},"end":{"line":123,"column":null}},"type":"if","locations":[{"start":{"line":121,"column":4},"end":{"line":123,"column":null}}]},"6":{"loc":{"start":{"line":126,"column":4},"end":{"line":131,"column":null}},"type":"if","locations":[{"start":{"line":126,"column":4},"end":{"line":131,"column":null}}]},"7":{"loc":{"start":{"line":135,"column":4},"end":{"line":137,"column":null}},"type":"if","locations":[{"start":{"line":135,"column":4},"end":{"line":137,"column":null}}]},"8":{"loc":{"start":{"line":152,"column":4},"end":{"line":154,"column":null}},"type":"if","locations":[{"start":{"line":152,"column":4},"end":{"line":154,"column":null}}]},"9":{"loc":{"start":{"line":156,"column":4},"end":{"line":158,"column":null}},"type":"if","locations":[{"start":{"line":156,"column":4},"end":{"line":158,"column":null}}]},"10":{"loc":{"start":{"line":161,"column":4},"end":{"line":163,"column":null}},"type":"if","locations":[{"start":{"line":161,"column":4},"end":{"line":163,"column":null}}]}},"s":{"0":2,"1":2,"2":2,"3":2,"4":2,"5":2,"6":1,"7":2,"8":2,"9":3,"10":3,"11":3,"12":2,"13":1,"14":1,"15":2,"16":2,"17":2,"18":1,"19":1,"20":2,"21":2,"22":1,"23":2,"24":2,"25":4,"26":4,"27":4,"28":4,"29":1,"30":3,"31":3,"32":1,"33":2,"34":2,"35":2,"36":2,"37":1,"38":1,"39":1,"40":3,"41":2,"42":2,"43":5,"44":5,"45":5,"46":5,"47":1,"48":4,"49":1,"50":3,"51":3,"52":1,"53":2,"54":2,"55":2,"56":1,"57":1,"58":1,"59":4,"60":2,"61":2,"62":4,"63":4,"64":4,"65":4,"66":1,"67":3,"68":1,"69":2,"70":2,"71":1,"72":1,"73":1,"74":3,"75":2,"76":2,"77":1,"78":1,"79":2,"80":2,"81":2,"82":2,"83":2,"84":1,"85":1,"86":2},"f":{"0":1,"1":3,"2":3,"3":1,"4":1,"5":4,"6":4,"7":5,"8":5,"9":4,"10":4,"11":1,"12":2,"13":2},"b":{"0":[1],"1":[1],"2":[1],"3":[1],"4":[1],"5":[1],"6":[1],"7":[1],"8":[1],"9":[1],"10":[1]}}
,"/Users/diegosanchez/Documents/Leanware/server/src/reports/tests/mock-report.ts": {"path":"/Users/diegosanchez/Documents/Leanware/server/src/reports/tests/mock-report.ts","statementMap":{"0":{"start":{"line":7,"column":13},"end":{"line":13,"column":23}},"1":{"start":{"line":15,"column":13},"end":{"line":23,"column":35}},"2":{"start":{"line":25,"column":13},"end":{"line":29,"column":2}},"3":{"start":{"line":31,"column":13},"end":{"line":33,"column":2}}},"fnMap":{},"branchMap":{},"s":{"0":2,"1":2,"2":2,"3":2},"f":{},"b":{}}
,"/Users/diegosanchez/Documents/Leanware/server/src/reports/utils/count-hours.utils.ts": {"path":"/Users/diegosanchez/Documents/Leanware/server/src/reports/utils/count-hours.utils.ts","statementMap":{"0":{"start":{"line":4,"column":27},"end":{"line":13,"column":1}},"1":{"start":{"line":8,"column":22},"end":{"line":10,"column":58}},"2":{"start":{"line":9,"column":24},"end":{"line":9,"column":74}},"3":{"start":{"line":10,"column":32},"end":{"line":10,"column":53}},"4":{"start":{"line":12,"column":2},"end":{"line":12,"column":45}},"5":{"start":{"line":4,"column":13},"end":{"line":4,"column":27}}},"fnMap":{"0":{"name":"(anonymous_0)","decl":{"start":{"line":4,"column":27},"end":{"line":4,"column":null}},"loc":{"start":{"line":7,"column":4},"end":{"line":13,"column":1}}},"1":{"name":"(anonymous_1)","decl":{"start":{"line":9,"column":12},"end":{"line":9,"column":13}},"loc":{"start":{"line":9,"column":24},"end":{"line":9,"column":74}}},"2":{"name":"(anonymous_2)","decl":{"start":{"line":10,"column":12},"end":{"line":10,"column":13}},"loc":{"start":{"line":10,"column":32},"end":{"line":10,"column":53}}}},"branchMap":{},"s":{"0":3,"1":3,"2":6,"3":4,"4":3,"5":3},"f":{"0":3,"1":6,"2":4},"b":{}}
,"/Users/diegosanchez/Documents/Leanware/server/src/reports/utils/week.utils.ts": {"path":"/Users/diegosanchez/Documents/Leanware/server/src/reports/utils/week.utils.ts","statementMap":{"0":{"start":{"line":1,"column":25},"end":{"line":16,"column":1}},"1":{"start":{"line":4,"column":4},"end":{"line":4,"column":31}},"2":{"start":{"line":5,"column":22},"end":{"line":5,"column":70}},"3":{"start":{"line":9,"column":4},"end":{"line":9,"column":38}},"4":{"start":{"line":10,"column":20},"end":{"line":10,"column":64}},"5":{"start":{"line":13,"column":23},"end":{"line":13,"column":71}},"6":{"start":{"line":15,"column":2},"end":{"line":15,"column":63}},"7":{"start":{"line":1,"column":13},"end":{"line":1,"column":25}},"8":{"start":{"line":18,"column":41},"end":{"line":25,"column":1}},"9":{"start":{"line":19,"column":22},"end":{"line":19,"column":39}},"10":{"start":{"line":20,"column":20},"end":{"line":20,"column":68}},"11":{"start":{"line":21,"column":15},"end":{"line":21,"column":76}},"12":{"start":{"line":22,"column":21},"end":{"line":22,"column":40}},"13":{"start":{"line":23,"column":15},"end":{"line":23,"column":40}},"14":{"start":{"line":24,"column":2},"end":{"line":24,"column":30}},"15":{"start":{"line":18,"column":13},"end":{"line":18,"column":41}},"16":{"start":{"line":27,"column":38},"end":{"line":32,"column":1}},"17":{"start":{"line":28,"column":15},"end":{"line":28,"column":52}},"18":{"start":{"line":29,"column":14},"end":{"line":29,"column":27}},"19":{"start":{"line":30,"column":2},"end":{"line":30,"column":41}},"20":{"start":{"line":31,"column":2},"end":{"line":31,"column":14}},"21":{"start":{"line":27,"column":13},"end":{"line":27,"column":38}},"22":{"start":{"line":34,"column":39},"end":{"line":39,"column":1}},"23":{"start":{"line":35,"column":16},"end":{"line":35,"column":32}},"24":{"start":{"line":36,"column":21},"end":{"line":36,"column":30}},"25":{"start":{"line":37,"column":21},"end":{"line":37,"column":39}},"26":{"start":{"line":38,"column":2},"end":{"line":38,"column":36}},"27":{"start":{"line":34,"column":13},"end":{"line":34,"column":39}},"28":{"start":{"line":41,"column":38},"end":{"line":45,"column":1}},"29":{"start":{"line":42,"column":15},"end":{"line":42,"column":52}},"30":{"start":{"line":43,"column":2},"end":{"line":43,"column":36}},"31":{"start":{"line":44,"column":2},"end":{"line":44,"column":14}},"32":{"start":{"line":41,"column":13},"end":{"line":41,"column":38}}},"fnMap":{"0":{"name":"(anonymous_0)","decl":{"start":{"line":1,"column":25},"end":{"line":1,"column":26}},"loc":{"start":{"line":1,"column":56},"end":{"line":16,"column":1}}},"1":{"name":"(anonymous_1)","decl":{"start":{"line":18,"column":41},"end":{"line":18,"column":44}},"loc":{"start":{"line":18,"column":46},"end":{"line":25,"column":1}}},"2":{"name":"(anonymous_2)","decl":{"start":{"line":27,"column":38},"end":{"line":27,"column":39}},"loc":{"start":{"line":27,"column":69},"end":{"line":32,"column":1}}},"3":{"name":"(anonymous_3)","decl":{"start":{"line":34,"column":39},"end":{"line":34,"column":40}},"loc":{"start":{"line":34,"column":57},"end":{"line":39,"column":1}}},"4":{"name":"(anonymous_4)","decl":{"start":{"line":41,"column":38},"end":{"line":41,"column":39}},"loc":{"start":{"line":41,"column":69},"end":{"line":45,"column":1}}}},"branchMap":{"0":{"loc":{"start":{"line":15,"column":9},"end":{"line":15,"column":62}},"type":"binary-expr","locations":[{"start":{"line":15,"column":9},"end":{"line":15,"column":33}},{"start":{"line":15,"column":37},"end":{"line":15,"column":62}}]}},"s":{"0":3,"1":3,"2":3,"3":3,"4":3,"5":3,"6":3,"7":3,"8":3,"9":4,"10":4,"11":4,"12":4,"13":4,"14":4,"15":3,"16":3,"17":8,"18":8,"19":8,"20":8,"21":3,"22":3,"23":4,"24":4,"25":4,"26":4,"27":3,"28":3,"29":5,"30":5,"31":5,"32":3},"f":{"0":3,"1":4,"2":8,"3":4,"4":5},"b":{"0":[3,2]}}
,"/Users/diegosanchez/Documents/Leanware/server/src/shared/custom-error.ts": {"path":"/Users/diegosanchez/Documents/Leanware/server/src/shared/custom-error.ts","statementMap":{"0":{"start":{"line":4,"column":4},"end":{"line":4,"column":12}},"1":{"start":{"line":2,"column":2},"end":{"line":2,"column":15}},"2":{"start":{"line":5,"column":4},"end":{"line":5,"column":27}},"3":{"start":{"line":6,"column":4},"end":{"line":6,"column":25}},"4":{"start":{"line":8,"column":4},"end":{"line":8,"column":52}},"5":{"start":{"line":1,"column":0},"end":{"line":1,"column":13}}},"fnMap":{"0":{"name":"(anonymous_0)","decl":{"start":{"line":3,"column":2},"end":{"line":3,"column":14}},"loc":{"start":{"line":3,"column":45},"end":{"line":9,"column":3}}}},"branchMap":{},"s":{"0":21,"1":21,"2":21,"3":21,"4":21,"5":8},"f":{"0":21},"b":{}}
,"/Users/diegosanchez/Documents/Leanware/server/src/shared/middleware/authentication.middleware.ts": {"path":"/Users/diegosanchez/Documents/Leanware/server/src/shared/middleware/authentication.middleware.ts","statementMap":{"0":{"start":{"line":2,"column":0},"end":{"line":2,"column":38}},"1":{"start":{"line":4,"column":0},"end":{"line":4,"column":46}},"2":{"start":{"line":6,"column":31},"end":{"line":41,"column":1}},"3":{"start":{"line":11,"column":21},"end":{"line":11,"column":45}},"4":{"start":{"line":12,"column":2},"end":{"line":16,"column":null}},"5":{"start":{"line":13,"column":4},"end":{"line":13,"column":20}},"6":{"start":{"line":14,"column":4},"end":{"line":14,"column":49}},"7":{"start":{"line":15,"column":4},"end":{"line":15,"column":15}},"8":{"start":{"line":17,"column":24},"end":{"line":17,"column":49}},"9":{"start":{"line":18,"column":2},"end":{"line":22,"column":null}},"10":{"start":{"line":19,"column":4},"end":{"line":19,"column":20}},"11":{"start":{"line":20,"column":4},"end":{"line":20,"column":52}},"12":{"start":{"line":21,"column":4},"end":{"line":21,"column":15}},"13":{"start":{"line":25,"column":2},"end":{"line":31,"column":null}},"14":{"start":{"line":26,"column":4},"end":{"line":26,"column":39}},"15":{"start":{"line":28,"column":4},"end":{"line":28,"column":29}},"16":{"start":{"line":29,"column":4},"end":{"line":29,"column":41}},"17":{"start":{"line":30,"column":4},"end":{"line":30,"column":15}},"18":{"start":{"line":33,"column":2},"end":{"line":40,"column":null}},"19":{"start":{"line":34,"column":4},"end":{"line":34,"column":20}},"20":{"start":{"line":35,"column":4},"end":{"line":35,"column":61}},"21":{"start":{"line":36,"column":4},"end":{"line":36,"column":15}},"22":{"start":{"line":38,"column":4},"end":{"line":38,"column":21}},"23":{"start":{"line":39,"column":4},"end":{"line":39,"column":11}},"24":{"start":{"line":6,"column":13},"end":{"line":6,"column":31}},"25":{"start":{"line":43,"column":27},"end":{"line":51,"column":1}},"26":{"start":{"line":44,"column":16},"end":{"line":44,"column":38}},"27":{"start":{"line":45,"column":2},"end":{"line":50,"column":null}},"28":{"start":{"line":46,"column":26},"end":{"line":46,"column":63}},"29":{"start":{"line":47,"column":4},"end":{"line":47,"column":25}},"30":{"start":{"line":49,"column":4},"end":{"line":49,"column":49}},"31":{"start":{"line":43,"column":13},"end":{"line":43,"column":27}}},"fnMap":{"0":{"name":"(anonymous_0)","decl":{"start":{"line":6,"column":31},"end":{"line":6,"column":null}},"loc":{"start":{"line":10,"column":4},"end":{"line":41,"column":1}}},"1":{"name":"(anonymous_1)","decl":{"start":{"line":43,"column":27},"end":{"line":43,"column":28}},"loc":{"start":{"line":43,"column":53},"end":{"line":51,"column":1}}}},"branchMap":{"0":{"loc":{"start":{"line":12,"column":2},"end":{"line":16,"column":null}},"type":"if","locations":[{"start":{"line":12,"column":2},"end":{"line":16,"column":null}}]},"1":{"loc":{"start":{"line":18,"column":2},"end":{"line":22,"column":null}},"type":"if","locations":[{"start":{"line":18,"column":2},"end":{"line":22,"column":null}}]},"2":{"loc":{"start":{"line":33,"column":2},"end":{"line":40,"column":null}},"type":"if","locations":[{"start":{"line":33,"column":2},"end":{"line":40,"column":null}},{"start":{"line":37,"column":9},"end":{"line":40,"column":null}}]}},"s":{"0":1,"1":1,"2":1,"3":5,"4":5,"5":1,"6":1,"7":1,"8":4,"9":4,"10":1,"11":1,"12":1,"13":3,"14":3,"15":1,"16":1,"17":1,"18":2,"19":1,"20":1,"21":1,"22":1,"23":1,"24":1,"25":1,"26":3,"27":3,"28":3,"29":2,"30":1,"31":1},"f":{"0":5,"1":3},"b":{"0":[1],"1":[1],"2":[1,1]}}
,"/Users/diegosanchez/Documents/Leanware/server/src/shared/middleware/validation.middleware.ts": {"path":"/Users/diegosanchez/Documents/Leanware/server/src/shared/middleware/validation.middleware.ts","statementMap":{"0":{"start":{"line":1,"column":0},"end":{"line":1,"column":69}},"1":{"start":{"line":2,"column":0},"end":{"line":2,"column":60}},"2":{"start":{"line":5,"column":30},"end":{"line":16,"column":2}},"3":{"start":{"line":8,"column":4},"end":{"line":16,"column":2}},"4":{"start":{"line":9,"column":32},"end":{"line":9,"column":74}},"5":{"start":{"line":10,"column":17},"end":{"line":10,"column":49}},"6":{"start":{"line":12,"column":2},"end":{"line":14,"column":null}},"7":{"start":{"line":13,"column":4},"end":{"line":13,"column":18}},"8":{"start":{"line":15,"column":2},"end":{"line":15,"column":78}},"9":{"start":{"line":5,"column":13},"end":{"line":5,"column":30}},"10":{"start":{"line":19,"column":2},"end":{"line":40,"column":4}},"11":{"start":{"line":20,"column":2},"end":{"line":40,"column":4}},"12":{"start":{"line":20,"column":60},"end":{"line":40,"column":4}},"13":{"start":{"line":21,"column":4},"end":{"line":39,"column":null}},"14":{"start":{"line":22,"column":21},"end":{"line":24,"column":null}},"15":{"start":{"line":27,"column":6},"end":{"line":32,"column":null}},"16":{"start":{"line":28,"column":24},"end":{"line":28,"column":51}},"17":{"start":{"line":29,"column":8},"end":{"line":29,"column":24}},"18":{"start":{"line":30,"column":8},"end":{"line":30,"column":30}},"19":{"start":{"line":31,"column":8},"end":{"line":31,"column":19}},"20":{"start":{"line":33,"column":6},"end":{"line":33,"column":40}},"21":{"start":{"line":34,"column":6},"end":{"line":34,"column":13}},"22":{"start":{"line":36,"column":6},"end":{"line":36,"column":22}},"23":{"start":{"line":37,"column":6},"end":{"line":37,"column":43}},"24":{"start":{"line":38,"column":6},"end":{"line":38,"column":17}},"25":{"start":{"line":18,"column":13},"end":{"line":18,"column":null}},"26":{"start":{"line":42,"column":35},"end":{"line":53,"column":1}},"27":{"start":{"line":43,"column":31},"end":{"line":43,"column":33}},"28":{"start":{"line":44,"column":2},"end":{"line":51,"column":5}},"29":{"start":{"line":45,"column":4},"end":{"line":50,"column":null}},"30":{"start":{"line":46,"column":26},"end":{"line":46,"column":58}},"31":{"start":{"line":47,"column":6},"end":{"line":49,"column":9}},"32":{"start":{"line":48,"column":8},"end":{"line":48,"column":38}},"33":{"start":{"line":52,"column":2},"end":{"line":52,"column":22}},"34":{"start":{"line":42,"column":13},"end":{"line":42,"column":35}}},"fnMap":{"0":{"name":"(anonymous_7)","decl":{"start":{"line":5,"column":30},"end":{"line":5,"column":null}},"loc":{"start":{"line":8,"column":4},"end":{"line":16,"column":2}}},"1":{"name":"(anonymous_8)","decl":{"start":{"line":8,"column":4},"end":{"line":8,"column":null}},"loc":{"start":{"line":8,"column":4},"end":{"line":16,"column":1}}},"2":{"name":"(anonymous_9)","decl":{"start":{"line":19,"column":2},"end":{"line":19,"column":3}},"loc":{"start":{"line":20,"column":2},"end":{"line":40,"column":4}}},"3":{"name":"(anonymous_10)","decl":{"start":{"line":20,"column":2},"end":{"line":20,"column":9}},"loc":{"start":{"line":20,"column":60},"end":{"line":40,"column":4}}},"4":{"name":"(anonymous_11)","decl":{"start":{"line":20,"column":60},"end":{"line":20,"column":null}},"loc":{"start":{"line":20,"column":60},"end":{"line":40,"column":3}}},"5":{"name":"(anonymous_12)","decl":{"start":{"line":42,"column":35},"end":{"line":42,"column":36}},"loc":{"start":{"line":42,"column":75},"end":{"line":53,"column":1}}},"6":{"name":"(anonymous_13)","decl":{"start":{"line":44,"column":17},"end":{"line":44,"column":18}},"loc":{"start":{"line":44,"column":27},"end":{"line":51,"column":3}}},"7":{"name":"(anonymous_14)","decl":{"start":{"line":47,"column":26},"end":{"line":47,"column":27}},"loc":{"start":{"line":47,"column":41},"end":{"line":49,"column":7}}}},"branchMap":{"0":{"loc":{"start":{"line":12,"column":2},"end":{"line":14,"column":null}},"type":"if","locations":[{"start":{"line":12,"column":2},"end":{"line":14,"column":null}}]},"1":{"loc":{"start":{"line":27,"column":6},"end":{"line":32,"column":null}},"type":"if","locations":[{"start":{"line":27,"column":6},"end":{"line":32,"column":null}}]},"2":{"loc":{"start":{"line":45,"column":4},"end":{"line":50,"column":null}},"type":"if","locations":[{"start":{"line":45,"column":4},"end":{"line":50,"column":null}}]}},"s":{"0":1,"1":1,"2":1,"3":2,"4":2,"5":2,"6":2,"7":1,"8":1,"9":1,"10":1,"11":3,"12":3,"13":3,"14":3,"15":2,"16":1,"17":1,"18":1,"19":1,"20":1,"21":1,"22":1,"23":1,"24":1,"25":1,"26":1,"27":1,"28":1,"29":1,"30":1,"31":1,"32":1,"33":1,"34":1},"f":{"0":2,"1":2,"2":3,"3":3,"4":3,"5":1,"6":1,"7":1},"b":{"0":[1],"1":[1],"2":[1]}}
,"/Users/diegosanchez/Documents/Leanware/server/src/shared/utils/shared.utils.ts": {"path":"/Users/diegosanchez/Documents/Leanware/server/src/shared/utils/shared.utils.ts","statementMap":{"0":{"start":{"line":3,"column":35},"end":{"line":9,"column":1}},"1":{"start":{"line":4,"column":2},"end":{"line":8,"column":null}},"2":{"start":{"line":5,"column":4},"end":{"line":5,"column":74}},"3":{"start":{"line":7,"column":4},"end":{"line":7,"column":65}},"4":{"start":{"line":3,"column":13},"end":{"line":3,"column":35}}},"fnMap":{"0":{"name":"(anonymous_0)","decl":{"start":{"line":3,"column":35},"end":{"line":3,"column":36}},"loc":{"start":{"line":3,"column":70},"end":{"line":9,"column":1}}}},"branchMap":{"0":{"loc":{"start":{"line":4,"column":2},"end":{"line":8,"column":null}},"type":"if","locations":[{"start":{"line":4,"column":2},"end":{"line":8,"column":null}},{"start":{"line":6,"column":9},"end":{"line":8,"column":null}}]}},"s":{"0":4,"1":4,"2":3,"3":1,"4":4},"f":{"0":4},"b":{"0":[3,1]}}
}
