{"/Users/diegosanchez/Documents/Leanware/server/src/auth/auth.controller.ts": {"path":"/Users/diegosanchez/Documents/Leanware/server/src/auth/auth.controller.ts","statementMap":{"0":{"start":{"line":2,"column":0},"end":{"line":2,"column":67}},"1":{"start":{"line":3,"column":0},"end":{"line":3,"column":60}},"2":{"start":{"line":5,"column":42},"end":{"line":17,"column":2}},"3":{"start":{"line":8,"column":4},"end":{"line":17,"column":2}},"4":{"start":{"line":9,"column":27},"end":{"line":9,"column":35}},"5":{"start":{"line":10,"column":15},"end":{"line":10,"column":27}},"6":{"start":{"line":11,"column":2},"end":{"line":16,"column":null}},"7":{"start":{"line":12,"column":4},"end":{"line":12,"column":29}},"8":{"start":{"line":13,"column":4},"end":{"line":13,"column":72}},"9":{"start":{"line":15,"column":4},"end":{"line":15,"column":43}},"10":{"start":{"line":5,"column":13},"end":{"line":5,"column":42}},"11":{"start":{"line":19,"column":39},"end":{"line":28,"column":2}},"12":{"start":{"line":19,"column":77},"end":{"line":28,"column":2}},"13":{"start":{"line":20,"column":27},"end":{"line":20,"column":35}},"14":{"start":{"line":21,"column":23},"end":{"line":21,"column":35}},"15":{"start":{"line":22,"column":2},"end":{"line":27,"column":null}},"16":{"start":{"line":23,"column":30},"end":{"line":23,"column":60}},"17":{"start":{"line":24,"column":4},"end":{"line":24,"column":80}},"18":{"start":{"line":26,"column":4},"end":{"line":26,"column":43}},"19":{"start":{"line":19,"column":13},"end":{"line":19,"column":39}}},"fnMap":{"0":{"name":"(anonymous_7)","decl":{"start":{"line":5,"column":42},"end":{"line":5,"column":null}},"loc":{"start":{"line":8,"column":4},"end":{"line":17,"column":2}}},"1":{"name":"(anonymous_8)","decl":{"start":{"line":8,"column":4},"end":{"line":8,"column":null}},"loc":{"start":{"line":8,"column":4},"end":{"line":17,"column":1}}},"2":{"name":"(anonymous_9)","decl":{"start":{"line":19,"column":39},"end":{"line":19,"column":46}},"loc":{"start":{"line":19,"column":77},"end":{"line":28,"column":2}}},"3":{"name":"(anonymous_10)","decl":{"start":{"line":19,"column":77},"end":{"line":19,"column":null}},"loc":{"start":{"line":19,"column":77},"end":{"line":28,"column":1}}}},"branchMap":{},"s":{"0":1,"1":1,"2":1,"3":2,"4":2,"5":2,"6":2,"7":2,"8":1,"9":1,"10":1,"11":1,"12":2,"13":2,"14":2,"15":2,"16":2,"17":1,"18":1,"19":1},"f":{"0":2,"1":2,"2":2,"3":2},"b":{}}
,"/Users/diegosanchez/Documents/Leanware/server/src/auth/schema/user.schema.ts": {"path":"/Users/diegosanchez/Documents/Leanware/server/src/auth/schema/user.schema.ts","statementMap":{"0":{"start":{"line":2,"column":0},"end":{"line":2,"column":48}},"1":{"start":{"line":4,"column":19},"end":{"line":9,"column":2}},"2":{"start":{"line":11,"column":13},"end":{"line":11,"column":64}}},"fnMap":{},"branchMap":{},"s":{"0":2,"1":2,"2":2},"f":{},"b":{}}
,"/Users/diegosanchez/Documents/Leanware/server/src/auth/services/auth.service.ts": {"path":"/Users/diegosanchez/Documents/Leanware/server/src/auth/services/auth.service.ts","statementMap":{"0":{"start":{"line":2,"column":0},"end":{"line":2,"column":50}},"1":{"start":{"line":4,"column":0},"end":{"line":4,"column":51}},"2":{"start":{"line":5,"column":0},"end":{"line":5,"column":35}},"3":{"start":{"line":6,"column":0},"end":{"line":6,"column":51}},"4":{"start":{"line":7,"column":0},"end":{"line":7,"column":56}},"5":{"start":{"line":9,"column":30},"end":{"line":11,"column":1}},"6":{"start":{"line":10,"column":2},"end":{"line":10,"column":38}},"7":{"start":{"line":9,"column":13},"end":{"line":9,"column":30}},"8":{"start":{"line":13,"column":27},"end":{"line":15,"column":1}},"9":{"start":{"line":14,"column":2},"end":{"line":14,"column":32}},"10":{"start":{"line":13,"column":13},"end":{"line":13,"column":27}},"11":{"start":{"line":17,"column":28},"end":{"line":32,"column":2}},"12":{"start":{"line":17,"column":58},"end":{"line":32,"column":2}},"13":{"start":{"line":18,"column":2},"end":{"line":31,"column":null}},"14":{"start":{"line":19,"column":26},"end":{"line":19,"column":58}},"15":{"start":{"line":20,"column":4},"end":{"line":22,"column":null}},"16":{"start":{"line":21,"column":6},"end":{"line":21,"column":57}},"17":{"start":{"line":23,"column":27},"end":{"line":23,"column":60}},"18":{"start":{"line":24,"column":20},"end":{"line":24,"column":60}},"19":{"start":{"line":26,"column":20},"end":{"line":26,"column":45}},"20":{"start":{"line":27,"column":4},"end":{"line":27,"column":25}},"21":{"start":{"line":28,"column":4},"end":{"line":28,"column":11}},"22":{"start":{"line":30,"column":4},"end":{"line":30,"column":16}},"23":{"start":{"line":17,"column":13},"end":{"line":17,"column":28}},"24":{"start":{"line":34,"column":26},"end":{"line":51,"column":2}},"25":{"start":{"line":34,"column":60},"end":{"line":51,"column":2}},"26":{"start":{"line":35,"column":30},"end":{"line":35,"column":42}},"27":{"start":{"line":36,"column":2},"end":{"line":50,"column":null}},"28":{"start":{"line":37,"column":17},"end":{"line":37,"column":44}},"29":{"start":{"line":38,"column":4},"end":{"line":40,"column":null}},"30":{"start":{"line":39,"column":6},"end":{"line":39,"column":51}},"31":{"start":{"line":42,"column":26},"end":{"line":42,"column":71}},"32":{"start":{"line":43,"column":4},"end":{"line":45,"column":null}},"33":{"start":{"line":44,"column":6},"end":{"line":44,"column":78}},"34":{"start":{"line":46,"column":19},"end":{"line":46,"column":38}},"35":{"start":{"line":47,"column":4},"end":{"line":47,"column":18}},"36":{"start":{"line":49,"column":4},"end":{"line":49,"column":16}},"37":{"start":{"line":34,"column":13},"end":{"line":34,"column":26}}},"fnMap":{"0":{"name":"(anonymous_13)","decl":{"start":{"line":9,"column":30},"end":{"line":9,"column":31}},"loc":{"start":{"line":9,"column":48},"end":{"line":11,"column":1}}},"1":{"name":"(anonymous_14)","decl":{"start":{"line":13,"column":27},"end":{"line":13,"column":28}},"loc":{"start":{"line":13,"column":42},"end":{"line":15,"column":1}}},"2":{"name":"(anonymous_15)","decl":{"start":{"line":17,"column":28},"end":{"line":17,"column":35}},"loc":{"start":{"line":17,"column":58},"end":{"line":32,"column":2}}},"3":{"name":"(anonymous_16)","decl":{"start":{"line":17,"column":58},"end":{"line":17,"column":null}},"loc":{"start":{"line":17,"column":58},"end":{"line":32,"column":1}}},"4":{"name":"(anonymous_17)","decl":{"start":{"line":34,"column":26},"end":{"line":34,"column":33}},"loc":{"start":{"line":34,"column":60},"end":{"line":51,"column":2}}},"5":{"name":"(anonymous_18)","decl":{"start":{"line":34,"column":60},"end":{"line":34,"column":null}},"loc":{"start":{"line":34,"column":60},"end":{"line":51,"column":1}}}},"branchMap":{"0":{"loc":{"start":{"line":20,"column":4},"end":{"line":22,"column":null}},"type":"if","locations":[{"start":{"line":20,"column":4},"end":{"line":22,"column":null}}]},"1":{"loc":{"start":{"line":38,"column":4},"end":{"line":40,"column":null}},"type":"if","locations":[{"start":{"line":38,"column":4},"end":{"line":40,"column":null}}]},"2":{"loc":{"start":{"line":43,"column":4},"end":{"line":45,"column":null}},"type":"if","locations":[{"start":{"line":43,"column":4},"end":{"line":45,"column":null}}]}},"s":{"0":2,"1":2,"2":2,"3":2,"4":2,"5":2,"6":1,"7":2,"8":2,"9":1,"10":2,"11":2,"12":2,"13":2,"14":2,"15":2,"16":1,"17":1,"18":1,"19":1,"20":1,"21":1,"22":1,"23":2,"24":2,"25":3,"26":3,"27":3,"28":3,"29":3,"30":1,"31":2,"32":2,"33":1,"34":1,"35":1,"36":2,"37":2},"f":{"0":1,"1":1,"2":2,"3":2,"4":3,"5":3},"b":{"0":[1],"1":[1],"2":[1]}}
,"/Users/diegosanchez/Documents/Leanware/server/src/auth/tests/mock-user.ts": {"path":"/Users/diegosanchez/Documents/Leanware/server/src/auth/tests/mock-user.ts","statementMap":{"0":{"start":{"line":4,"column":13},"end":{"line":11,"column":2}},"1":{"start":{"line":13,"column":13},"end":{"line":19,"column":2}}},"fnMap":{},"branchMap":{},"s":{"0":3,"1":3},"f":{},"b":{}}
,"/Users/diegosanchez/Documents/Leanware/server/src/auth/utils/auth.utils.ts": {"path":"/Users/diegosanchez/Documents/Leanware/server/src/auth/utils/auth.utils.ts","statementMap":{"0":{"start":{"line":1,"column":0},"end":{"line":1,"column":32}},"1":{"start":{"line":3,"column":28},"end":{"line":10,"column":2}},"2":{"start":{"line":3,"column":72},"end":{"line":10,"column":2}},"3":{"start":{"line":4,"column":2},"end":{"line":9,"column":null}},"4":{"start":{"line":5,"column":25},"end":{"line":5,"column":49}},"5":{"start":{"line":6,"column":4},"end":{"line":6,"column":24}},"6":{"start":{"line":8,"column":4},"end":{"line":8,"column":35}},"7":{"start":{"line":3,"column":13},"end":{"line":3,"column":28}}},"fnMap":{"0":{"name":"(anonymous_7)","decl":{"start":{"line":3,"column":28},"end":{"line":3,"column":35}},"loc":{"start":{"line":3,"column":72},"end":{"line":10,"column":2}}},"1":{"name":"(anonymous_8)","decl":{"start":{"line":3,"column":72},"end":{"line":3,"column":null}},"loc":{"start":{"line":3,"column":72},"end":{"line":10,"column":1}}}},"branchMap":{},"s":{"0":3,"1":3,"2":2,"3":2,"4":2,"5":1,"6":1,"7":3},"f":{"0":2,"1":2},"b":{}}
,"/Users/diegosanchez/Documents/Leanware/server/src/auth/utils/jwt.utils.ts": {"path":"/Users/diegosanchez/Documents/Leanware/server/src/auth/utils/jwt.utils.ts","statementMap":{"0":{"start":{"line":3,"column":0},"end":{"line":3,"column":56}},"1":{"start":{"line":5,"column":29},"end":{"line":21,"column":1}},"2":{"start":{"line":6,"column":36},"end":{"line":6,"column":40}},"3":{"start":{"line":7,"column":16},"end":{"line":14,"column":null}},"4":{"start":{"line":17,"column":23},"end":{"line":17,"column":50}},"5":{"start":{"line":18,"column":20},"end":{"line":18,"column":36}},"6":{"start":{"line":20,"column":2},"end":{"line":20,"column":72}},"7":{"start":{"line":5,"column":13},"end":{"line":5,"column":29}}},"fnMap":{"0":{"name":"(anonymous_0)","decl":{"start":{"line":5,"column":29},"end":{"line":5,"column":30}},"loc":{"start":{"line":5,"column":53},"end":{"line":21,"column":1}}}},"branchMap":{},"s":{"0":3,"1":3,"2":1,"3":1,"4":1,"5":1,"6":1,"7":3},"f":{"0":1},"b":{}}
,"/Users/diegosanchez/Documents/Leanware/server/src/projects/schemas/project.schema.ts": {"path":"/Users/diegosanchez/Documents/Leanware/server/src/projects/schemas/project.schema.ts","statementMap":{"0":{"start":{"line":2,"column":0},"end":{"line":2,"column":48}},"1":{"start":{"line":4,"column":22},"end":{"line":7,"column":2}},"2":{"start":{"line":9,"column":13},"end":{"line":9,"column":76}}},"fnMap":{},"branchMap":{},"s":{"0":1,"1":1,"2":1},"f":{},"b":{}}
,"/Users/diegosanchez/Documents/Leanware/server/src/projects/services/project.service.ts": {"path":"/Users/diegosanchez/Documents/Leanware/server/src/projects/services/project.service.ts","statementMap":{"0":{"start":{"line":1,"column":0},"end":{"line":1,"column":56}},"1":{"start":{"line":3,"column":0},"end":{"line":3,"column":57}},"2":{"start":{"line":5,"column":30},"end":{"line":17,"column":1}},"3":{"start":{"line":6,"column":2},"end":{"line":16,"column":5}},"4":{"start":{"line":5,"column":13},"end":{"line":5,"column":30}},"5":{"start":{"line":19,"column":30},"end":{"line":21,"column":1}},"6":{"start":{"line":20,"column":2},"end":{"line":20,"column":35}},"7":{"start":{"line":19,"column":13},"end":{"line":19,"column":30}},"8":{"start":{"line":23,"column":26},"end":{"line":33,"column":2}},"9":{"start":{"line":23,"column":47},"end":{"line":33,"column":2}},"10":{"start":{"line":24,"column":2},"end":{"line":32,"column":null}},"11":{"start":{"line":25,"column":20},"end":{"line":25,"column":51}},"12":{"start":{"line":26,"column":4},"end":{"line":28,"column":null}},"13":{"start":{"line":27,"column":6},"end":{"line":27,"column":54}},"14":{"start":{"line":29,"column":4},"end":{"line":29,"column":19}},"15":{"start":{"line":31,"column":4},"end":{"line":31,"column":16}},"16":{"start":{"line":23,"column":13},"end":{"line":23,"column":26}},"17":{"start":{"line":35,"column":29},"end":{"line":43,"column":2}},"18":{"start":{"line":35,"column":65},"end":{"line":43,"column":2}},"19":{"start":{"line":36,"column":2},"end":{"line":42,"column":null}},"20":{"start":{"line":37,"column":23},"end":{"line":37,"column":48}},"21":{"start":{"line":38,"column":4},"end":{"line":38,"column":28}},"22":{"start":{"line":39,"column":4},"end":{"line":39,"column":22}},"23":{"start":{"line":41,"column":4},"end":{"line":41,"column":16}},"24":{"start":{"line":35,"column":13},"end":{"line":35,"column":29}},"25":{"start":{"line":45,"column":29},"end":{"line":56,"column":2}},"26":{"start":{"line":45,"column":50},"end":{"line":56,"column":2}},"27":{"start":{"line":46,"column":2},"end":{"line":55,"column":null}},"28":{"start":{"line":47,"column":20},"end":{"line":47,"column":44}},"29":{"start":{"line":48,"column":4},"end":{"line":50,"column":null}},"30":{"start":{"line":49,"column":6},"end":{"line":49,"column":54}},"31":{"start":{"line":51,"column":4},"end":{"line":51,"column":54}},"32":{"start":{"line":52,"column":4},"end":{"line":52,"column":11}},"33":{"start":{"line":54,"column":4},"end":{"line":54,"column":16}},"34":{"start":{"line":45,"column":13},"end":{"line":45,"column":29}}},"fnMap":{"0":{"name":"(anonymous_7)","decl":{"start":{"line":5,"column":30},"end":{"line":5,"column":33}},"loc":{"start":{"line":5,"column":35},"end":{"line":17,"column":1}}},"1":{"name":"(anonymous_8)","decl":{"start":{"line":19,"column":30},"end":{"line":19,"column":31}},"loc":{"start":{"line":19,"column":45},"end":{"line":21,"column":1}}},"2":{"name":"(anonymous_9)","decl":{"start":{"line":23,"column":26},"end":{"line":23,"column":33}},"loc":{"start":{"line":23,"column":47},"end":{"line":33,"column":2}}},"3":{"name":"(anonymous_10)","decl":{"start":{"line":23,"column":47},"end":{"line":23,"column":null}},"loc":{"start":{"line":23,"column":47},"end":{"line":33,"column":1}}},"4":{"name":"(anonymous_11)","decl":{"start":{"line":35,"column":29},"end":{"line":35,"column":36}},"loc":{"start":{"line":35,"column":65},"end":{"line":43,"column":2}}},"5":{"name":"(anonymous_12)","decl":{"start":{"line":35,"column":65},"end":{"line":35,"column":null}},"loc":{"start":{"line":35,"column":65},"end":{"line":43,"column":1}}},"6":{"name":"(anonymous_13)","decl":{"start":{"line":45,"column":29},"end":{"line":45,"column":36}},"loc":{"start":{"line":45,"column":50},"end":{"line":56,"column":2}}},"7":{"name":"(anonymous_14)","decl":{"start":{"line":45,"column":50},"end":{"line":45,"column":null}},"loc":{"start":{"line":45,"column":50},"end":{"line":56,"column":1}}}},"branchMap":{"0":{"loc":{"start":{"line":26,"column":4},"end":{"line":28,"column":null}},"type":"if","locations":[{"start":{"line":26,"column":4},"end":{"line":28,"column":null}}]},"1":{"loc":{"start":{"line":48,"column":4},"end":{"line":50,"column":null}},"type":"if","locations":[{"start":{"line":48,"column":4},"end":{"line":50,"column":null}}]}},"s":{"0":1,"1":1,"2":1,"3":1,"4":1,"5":1,"6":1,"7":1,"8":1,"9":2,"10":2,"11":2,"12":2,"13":1,"14":1,"15":1,"16":1,"17":1,"18":2,"19":2,"20":2,"21":2,"22":1,"23":1,"24":1,"25":1,"26":2,"27":2,"28":2,"29":2,"30":1,"31":1,"32":1,"33":1,"34":1},"f":{"0":1,"1":1,"2":2,"3":2,"4":2,"5":2,"6":2,"7":2},"b":{"0":[1],"1":[1]}}
,"/Users/diegosanchez/Documents/Leanware/server/src/projects/tests/mock-project.ts": {"path":"/Users/diegosanchez/Documents/Leanware/server/src/projects/tests/mock-project.ts","statementMap":{"0":{"start":{"line":4,"column":13},"end":{"line":8,"column":2}},"1":{"start":{"line":10,"column":13},"end":{"line":13,"column":2}}},"fnMap":{},"branchMap":{},"s":{"0":1,"1":1},"f":{},"b":{}}
,"/Users/diegosanchez/Documents/Leanware/server/src/shared/custom-error.ts": {"path":"/Users/diegosanchez/Documents/Leanware/server/src/shared/custom-error.ts","statementMap":{"0":{"start":{"line":4,"column":4},"end":{"line":4,"column":12}},"1":{"start":{"line":2,"column":2},"end":{"line":2,"column":15}},"2":{"start":{"line":5,"column":4},"end":{"line":5,"column":27}},"3":{"start":{"line":6,"column":4},"end":{"line":6,"column":25}},"4":{"start":{"line":8,"column":4},"end":{"line":8,"column":52}},"5":{"start":{"line":1,"column":0},"end":{"line":1,"column":13}}},"fnMap":{"0":{"name":"(anonymous_0)","decl":{"start":{"line":3,"column":2},"end":{"line":3,"column":14}},"loc":{"start":{"line":3,"column":45},"end":{"line":9,"column":3}}}},"branchMap":{},"s":{"0":7,"1":7,"2":7,"3":7,"4":7,"5":3},"f":{"0":7},"b":{}}
,"/Users/diegosanchez/Documents/Leanware/server/src/shared/utils/utils.ts": {"path":"/Users/diegosanchez/Documents/Leanware/server/src/shared/utils/utils.ts","statementMap":{"0":{"start":{"line":3,"column":35},"end":{"line":9,"column":1}},"1":{"start":{"line":4,"column":2},"end":{"line":8,"column":null}},"2":{"start":{"line":5,"column":4},"end":{"line":5,"column":74}},"3":{"start":{"line":7,"column":4},"end":{"line":7,"column":65}},"4":{"start":{"line":3,"column":13},"end":{"line":3,"column":35}}},"fnMap":{"0":{"name":"(anonymous_0)","decl":{"start":{"line":3,"column":35},"end":{"line":3,"column":36}},"loc":{"start":{"line":3,"column":70},"end":{"line":9,"column":1}}}},"branchMap":{"0":{"loc":{"start":{"line":4,"column":2},"end":{"line":8,"column":null}},"type":"if","locations":[{"start":{"line":4,"column":2},"end":{"line":8,"column":null}},{"start":{"line":6,"column":9},"end":{"line":8,"column":null}}]}},"s":{"0":1,"1":2,"2":2,"3":0,"4":1},"f":{"0":2},"b":{"0":[2,0]}}
}
